jcplayer/build/outputs/logs/manifest-merger-debug-report.txt
-- Merging decision tree log ---
manifest
ADDED from src/main/AndroidManifest.xml:2:1-22:12
INJECTED from src/main/AndroidManifest.xml:2:1-22:12
INJECTED from src/main/AndroidManifest.xml:2:1-22:12
INJECTED from src/main/AndroidManifest.xml:2:1-22:12
INJECTED from src/main/AndroidManifest.xml:2:1-22:12
	package
		ADDED from src/main/AndroidManifest.xml:4:5-40
		INJECTED from src/main/AndroidManifest.xml
		INJECTED from src/main/AndroidManifest.xml
	xmlns:tools
		ADDED from src/main/AndroidManifest.xml:3:5-51
	android:versionCode
		INJECTED from src/main/AndroidManifest.xml
		ADDED from src/main/AndroidManifest.xml:2:1-22:12
		INJECTED from src/main/AndroidManifest.xml
	xmlns:android
		ADDED from src/main/AndroidManifest.xml:2:11-69
uses-permission#android.permission.ACCESS_NETWORK_STATE
ADDED from src/main/AndroidManifest.xml:6:5-79
	android:name
		ADDED from src/main/AndroidManifest.xml:6:22-76
uses-permission#android.permission.INTERNET
ADDED from src/main/AndroidManifest.xml:7:5-67
	android:name
		ADDED from src/main/AndroidManifest.xml:7:22-64
application
ADDED from src/main/AndroidManifest.xml:9:5-20:19
	android:supportsRtl
		ADDED from src/main/AndroidManifest.xml:12:9-35
	android:label
		ADDED from src/main/AndroidManifest.xml:11:9-41
	android:allowBackup
		ADDED from src/main/AndroidManifest.xml:10:9-35
	tools:replace
		ADDED from src/main/AndroidManifest.xml:13:9-38
service#com.example.jean.jcplayer.service.JcPlayerService
ADDED from src/main/AndroidManifest.xml:14:9-60
	android:name
		ADDED from src/main/AndroidManifest.xml:14:18-57
receiver#com.example.jean.jcplayer.service.notification.JcPlayerNotificationReceiver
ADDED from src/main/AndroidManifest.xml:16:9-19:40
	android:enabled
		ADDED from src/main/AndroidManifest.xml:18:13-35
	android:exported
		ADDED from src/main/AndroidManifest.xml:19:13-37
	android:name
		ADDED from src/main/AndroidManifest.xml:17:13-78
uses-sdk
INJECTED from src/main/AndroidManifest.xml reason: use-sdk injection requested
INJECTED from src/main/AndroidManifest.xml
INJECTED from src/main/AndroidManifest.xml
INJECTED from src/main/AndroidManifest.xml
INJECTED from src/main/AndroidManifest.xml
	android:targetSdkVersion
		INJECTED from src/main/AndroidManifest.xml
		ADDED from src/main/AndroidManifest.xml
		INJECTED from src/main/AndroidManifest.xml
	android:minSdkVersion
		INJECTED from src/main/AndroidManifest.xml
		ADDED from src/main/AndroidManifest.xml
		INJECTED from src/main/AndroidManifest.xml